[2024-04-16 09:55:51:66124] INFO  8204 --- [nio-8989-exec-1] o.s.web.servlet.DispatcherServlet        : Initializing Servlet 'dispatcherServlet'
[2024-04-16 09:55:51:66140] INFO  8204 --- [nio-8989-exec-1] o.s.web.servlet.DispatcherServlet        : Completed initialization in 6 ms
[2024-04-16 10:00:10:12873] INFO  17004 --- [nio-8181-exec-1] o.s.web.servlet.DispatcherServlet        : Initializing Servlet 'dispatcherServlet'
[2024-04-16 10:00:10:12874] INFO  17004 --- [nio-8181-exec-1] o.s.web.servlet.DispatcherServlet        : Completed initialization in 1 ms
[2024-04-16 12:00:28:1322] WARN  21368 --- [    Test worker] o.s.w.c.s.GenericWebApplicationContext   : Exception encountered during context initialization - cancelling refresh attempt: org.springframework.beans.factory.UnsatisfiedDependencyException: Error creating bean with name 'galleryController' defined in file [C:\my\community-site\build\classes\java\main\project\blog\community\project\controller\GalleryController.class]: Unsatisfied dependency expressed through constructor parameter 0: No qualifying bean of type 'project.blog.community.project.service.GalleryService' available: expected at least 1 bean which qualifies as autowire candidate. Dependency annotations: {}
[2024-04-16 12:11:08:34770] INFO  8140 --- [nio-8989-exec-2] o.s.web.servlet.DispatcherServlet        : Initializing Servlet 'dispatcherServlet'
[2024-04-16 12:11:08:34771] INFO  8140 --- [nio-8989-exec-2] o.s.web.servlet.DispatcherServlet        : Completed initialization in 1 ms
[2024-04-16 13:11:17:357608] INFO  15324 --- [nio-8989-exec-1] o.s.web.servlet.DispatcherServlet        : Initializing Servlet 'dispatcherServlet'
[2024-04-16 13:11:17:357612] INFO  15324 --- [nio-8989-exec-1] o.s.web.servlet.DispatcherServlet        : Completed initialization in 3 ms
[2024-04-16 14:53:41:29906] INFO  20092 --- [nio-8989-exec-1] o.s.web.servlet.DispatcherServlet        : Initializing Servlet 'dispatcherServlet'
[2024-04-16 14:53:41:29907] INFO  20092 --- [nio-8989-exec-1] o.s.web.servlet.DispatcherServlet        : Completed initialization in 1 ms
[2024-04-16 14:54:19:67060] WARN  20092 --- [nio-8989-exec-2] .w.s.m.s.DefaultHandlerExceptionResolver : Resolved [org.springframework.web.HttpRequestMethodNotSupportedException: Request method 'POST' is not supported]
[2024-04-16 15:00:40:8567] INFO  13828 --- [nio-8989-exec-1] o.s.web.servlet.DispatcherServlet        : Initializing Servlet 'dispatcherServlet'
[2024-04-16 15:00:40:8568] INFO  13828 --- [nio-8989-exec-1] o.s.web.servlet.DispatcherServlet        : Completed initialization in 0 ms
[2024-04-16 15:00:44:12392] WARN  13828 --- [nio-8989-exec-3] .w.s.m.s.DefaultHandlerExceptionResolver : Resolved [org.springframework.web.HttpRequestMethodNotSupportedException: Request method 'POST' is not supported]
[2024-04-16 15:08:04:452162] WARN  13828 --- [nio-8989-exec-9] .w.s.m.s.DefaultHandlerExceptionResolver : Resolved [org.springframework.web.HttpRequestMethodNotSupportedException: Request method 'POST' is not supported]
[2024-04-16 15:11:28:16404] INFO  2952 --- [nio-8989-exec-1] o.s.web.servlet.DispatcherServlet        : Initializing Servlet 'dispatcherServlet'
[2024-04-16 15:11:28:16405] INFO  2952 --- [nio-8989-exec-1] o.s.web.servlet.DispatcherServlet        : Completed initialization in 0 ms
[2024-04-16 15:26:57:5527] INFO  18940 --- [nio-8989-exec-1] o.s.web.servlet.DispatcherServlet        : Initializing Servlet 'dispatcherServlet'
[2024-04-16 15:26:57:5527] INFO  18940 --- [nio-8989-exec-1] o.s.web.servlet.DispatcherServlet        : Completed initialization in 0 ms
[2024-04-16 15:28:32:5116] INFO  17660 --- [nio-8989-exec-1] o.s.web.servlet.DispatcherServlet        : Initializing Servlet 'dispatcherServlet'
[2024-04-16 15:28:32:5117] INFO  17660 --- [nio-8989-exec-1] o.s.web.servlet.DispatcherServlet        : Completed initialization in 1 ms
[2024-04-16 15:32:26:12604] INFO  20580 --- [nio-8989-exec-1] o.s.web.servlet.DispatcherServlet        : Initializing Servlet 'dispatcherServlet'
[2024-04-16 15:32:26:12607] INFO  20580 --- [nio-8989-exec-1] o.s.web.servlet.DispatcherServlet        : Completed initialization in 1 ms
[2024-04-16 15:32:33:19190] WARN  20580 --- [nio-8989-exec-3] .w.s.m.s.DefaultHandlerExceptionResolver : Resolved [org.springframework.web.HttpRequestMethodNotSupportedException: Request method 'POST' is not supported]
[2024-04-16 15:33:58:5775] INFO  9868 --- [nio-8989-exec-1] o.s.web.servlet.DispatcherServlet        : Initializing Servlet 'dispatcherServlet'
[2024-04-16 15:33:58:5777] INFO  9868 --- [nio-8989-exec-1] o.s.web.servlet.DispatcherServlet        : Completed initialization in 2 ms
[2024-04-16 15:40:15:7690] INFO  15904 --- [nio-8989-exec-1] o.s.web.servlet.DispatcherServlet        : Initializing Servlet 'dispatcherServlet'
[2024-04-16 15:40:15:7692] INFO  15904 --- [nio-8989-exec-1] o.s.web.servlet.DispatcherServlet        : Completed initialization in 2 ms
[2024-04-16 15:40:23:16557] WARN  15904 --- [nio-8989-exec-4] .w.s.m.s.DefaultHandlerExceptionResolver : Resolved [org.springframework.web.HttpRequestMethodNotSupportedException: Request method 'POST' is not supported]
[2024-04-16 15:41:56:10024] INFO  18928 --- [nio-8989-exec-1] o.s.web.servlet.DispatcherServlet        : Initializing Servlet 'dispatcherServlet'
[2024-04-16 15:41:56:10024] INFO  18928 --- [nio-8989-exec-1] o.s.web.servlet.DispatcherServlet        : Completed initialization in 0 ms
[2024-04-16 15:42:03:17224] WARN  18928 --- [io-8989-exec-10] .w.s.m.s.DefaultHandlerExceptionResolver : Resolved [org.springframework.web.HttpRequestMethodNotSupportedException: Request method 'POST' is not supported]
[2024-04-16 15:43:31:7933] INFO  18452 --- [nio-8989-exec-1] o.s.web.servlet.DispatcherServlet        : Initializing Servlet 'dispatcherServlet'
[2024-04-16 15:43:31:7934] INFO  18452 --- [nio-8989-exec-1] o.s.web.servlet.DispatcherServlet        : Completed initialization in 1 ms
[2024-04-16 15:43:34:11654] WARN  18452 --- [nio-8989-exec-3] .w.s.m.s.DefaultHandlerExceptionResolver : Resolved [org.springframework.web.HttpRequestMethodNotSupportedException: Request method 'POST' is not supported]
[2024-04-16 15:44:59:7985] INFO  20440 --- [nio-8989-exec-1] o.s.web.servlet.DispatcherServlet        : Initializing Servlet 'dispatcherServlet'
[2024-04-16 15:44:59:7987] INFO  20440 --- [nio-8989-exec-1] o.s.web.servlet.DispatcherServlet        : Completed initialization in 1 ms
[2024-04-16 15:45:06:14987] WARN  20440 --- [nio-8989-exec-8] .w.s.m.s.DefaultHandlerExceptionResolver : Resolved [org.springframework.web.HttpRequestMethodNotSupportedException: Request method 'POST' is not supported]
[2024-04-16 15:46:43:7612] INFO  7048 --- [nio-8989-exec-1] o.s.web.servlet.DispatcherServlet        : Initializing Servlet 'dispatcherServlet'
[2024-04-16 15:46:43:7613] INFO  7048 --- [nio-8989-exec-1] o.s.web.servlet.DispatcherServlet        : Completed initialization in 1 ms
[2024-04-16 15:46:47:11853] WARN  7048 --- [nio-8989-exec-3] .w.s.m.s.DefaultHandlerExceptionResolver : Resolved [org.springframework.web.HttpRequestMethodNotSupportedException: Request method 'POST' is not supported]
[2024-04-16 15:48:19:9233] INFO  21088 --- [nio-8989-exec-2] o.s.web.servlet.DispatcherServlet        : Initializing Servlet 'dispatcherServlet'
[2024-04-16 15:48:19:9234] INFO  21088 --- [nio-8989-exec-2] o.s.web.servlet.DispatcherServlet        : Completed initialization in 1 ms
[2024-04-16 15:48:25:14551] WARN  21088 --- [nio-8989-exec-4] .w.s.m.s.DefaultHandlerExceptionResolver : Resolved [org.springframework.web.HttpRequestMethodNotSupportedException: Request method 'POST' is not supported]
[2024-04-16 15:49:03:6799] INFO  17884 --- [nio-8989-exec-1] o.s.web.servlet.DispatcherServlet        : Initializing Servlet 'dispatcherServlet'
[2024-04-16 15:49:03:6801] INFO  17884 --- [nio-8989-exec-1] o.s.web.servlet.DispatcherServlet        : Completed initialization in 2 ms
[2024-04-16 15:51:04:7760] INFO  7416 --- [nio-8989-exec-1] o.s.web.servlet.DispatcherServlet        : Initializing Servlet 'dispatcherServlet'
[2024-04-16 15:51:04:7760] INFO  7416 --- [nio-8989-exec-1] o.s.web.servlet.DispatcherServlet        : Completed initialization in 0 ms
[2024-04-16 15:52:18:5553] INFO  368 --- [nio-8989-exec-1] o.s.web.servlet.DispatcherServlet        : Initializing Servlet 'dispatcherServlet'
[2024-04-16 15:52:18:5554] INFO  368 --- [nio-8989-exec-1] o.s.web.servlet.DispatcherServlet        : Completed initialization in 0 ms
[2024-04-16 15:52:37:4560] INFO  18816 --- [nio-8989-exec-1] o.s.web.servlet.DispatcherServlet        : Initializing Servlet 'dispatcherServlet'
[2024-04-16 15:52:37:4561] INFO  18816 --- [nio-8989-exec-1] o.s.web.servlet.DispatcherServlet        : Completed initialization in 0 ms
[2024-04-16 15:53:31:6861] INFO  18372 --- [nio-8989-exec-1] o.s.web.servlet.DispatcherServlet        : Initializing Servlet 'dispatcherServlet'
[2024-04-16 15:53:31:6863] INFO  18372 --- [nio-8989-exec-1] o.s.web.servlet.DispatcherServlet        : Completed initialization in 1 ms
[2024-04-16 17:11:14:38951] INFO  20600 --- [nio-8989-exec-1] o.s.web.servlet.DispatcherServlet        : Initializing Servlet 'dispatcherServlet'
[2024-04-16 17:11:14:38953] INFO  20600 --- [nio-8989-exec-1] o.s.web.servlet.DispatcherServlet        : Completed initialization in 1 ms
[2024-04-16 17:15:59:24488] INFO  19748 --- [nio-8989-exec-1] o.s.web.servlet.DispatcherServlet        : Initializing Servlet 'dispatcherServlet'
[2024-04-16 17:15:59:24490] INFO  19748 --- [nio-8989-exec-1] o.s.web.servlet.DispatcherServlet        : Completed initialization in 2 ms
[2024-04-16 17:16:25:5065] INFO  15980 --- [nio-8989-exec-1] o.s.web.servlet.DispatcherServlet        : Initializing Servlet 'dispatcherServlet'
[2024-04-16 17:16:25:5067] INFO  15980 --- [nio-8989-exec-1] o.s.web.servlet.DispatcherServlet        : Completed initialization in 1 ms
[2024-04-16 17:16:30:9888] WARN  15980 --- [nio-8989-exec-3] .w.s.m.s.DefaultHandlerExceptionResolver : Resolved [org.springframework.web.HttpRequestMethodNotSupportedException: Request method 'POST' is not supported]
[2024-04-16 17:32:33:5661] INFO  9092 --- [nio-8989-exec-1] o.s.web.servlet.DispatcherServlet        : Initializing Servlet 'dispatcherServlet'
[2024-04-16 17:32:33:5661] INFO  9092 --- [nio-8989-exec-1] o.s.web.servlet.DispatcherServlet        : Completed initialization in 0 ms
[2024-04-16 17:37:06:6440] INFO  19092 --- [nio-8989-exec-1] o.s.web.servlet.DispatcherServlet        : Initializing Servlet 'dispatcherServlet'
[2024-04-16 17:37:06:6441] INFO  19092 --- [nio-8989-exec-1] o.s.web.servlet.DispatcherServlet        : Completed initialization in 0 ms
[2024-04-16 17:39:47:5481] INFO  18720 --- [nio-8989-exec-1] o.s.web.servlet.DispatcherServlet        : Initializing Servlet 'dispatcherServlet'
[2024-04-16 17:39:47:5482] INFO  18720 --- [nio-8989-exec-1] o.s.web.servlet.DispatcherServlet        : Completed initialization in 0 ms
[2024-04-16 17:42:18:5547] INFO  9892 --- [nio-8989-exec-1] o.s.web.servlet.DispatcherServlet        : Initializing Servlet 'dispatcherServlet'
[2024-04-16 17:42:18:5548] INFO  9892 --- [nio-8989-exec-1] o.s.web.servlet.DispatcherServlet        : Completed initialization in 1 ms
[2024-04-16 17:45:36:7001] INFO  16960 --- [nio-8989-exec-1] o.s.web.servlet.DispatcherServlet        : Initializing Servlet 'dispatcherServlet'
[2024-04-16 17:45:36:7002] INFO  16960 --- [nio-8989-exec-1] o.s.web.servlet.DispatcherServlet        : Completed initialization in 1 ms
[2024-04-16 17:46:56:8041] INFO  3452 --- [nio-8989-exec-2] o.s.web.servlet.DispatcherServlet        : Initializing Servlet 'dispatcherServlet'
[2024-04-16 17:46:56:8042] INFO  3452 --- [nio-8989-exec-2] o.s.web.servlet.DispatcherServlet        : Completed initialization in 1 ms
[2024-04-16 17:57:04:8893] INFO  212 --- [nio-8989-exec-2] o.s.web.servlet.DispatcherServlet        : Initializing Servlet 'dispatcherServlet'
[2024-04-16 17:57:04:8895] INFO  212 --- [nio-8989-exec-2] o.s.web.servlet.DispatcherServlet        : Completed initialization in 2 ms
[2024-04-16 18:07:40:6044] INFO  17072 --- [nio-8989-exec-1] o.s.web.servlet.DispatcherServlet        : Initializing Servlet 'dispatcherServlet'
[2024-04-16 18:07:40:6046] INFO  17072 --- [nio-8989-exec-1] o.s.web.servlet.DispatcherServlet        : Completed initialization in 1 ms
