[2024-04-15 12:31:07:6849] INFO  15164 --- [nio-8989-exec-1] o.s.web.servlet.DispatcherServlet        : Initializing Servlet 'dispatcherServlet'
[2024-04-15 12:31:07:6850] INFO  15164 --- [nio-8989-exec-1] o.s.web.servlet.DispatcherServlet        : Completed initialization in 1 ms
[2024-04-15 12:41:15:6393] INFO  19004 --- [nio-8989-exec-2] o.s.web.servlet.DispatcherServlet        : Initializing Servlet 'dispatcherServlet'
[2024-04-15 12:41:15:6394] INFO  19004 --- [nio-8989-exec-2] o.s.web.servlet.DispatcherServlet        : Completed initialization in 1 ms
[2024-04-15 12:42:54:5851] INFO  12172 --- [nio-8989-exec-1] o.s.web.servlet.DispatcherServlet        : Initializing Servlet 'dispatcherServlet'
[2024-04-15 12:42:54:5851] INFO  12172 --- [nio-8989-exec-1] o.s.web.servlet.DispatcherServlet        : Completed initialization in 0 ms
[2024-04-15 12:47:43:8032] INFO  18304 --- [nio-8989-exec-1] o.s.web.servlet.DispatcherServlet        : Initializing Servlet 'dispatcherServlet'
[2024-04-15 12:47:43:8032] INFO  18304 --- [nio-8989-exec-1] o.s.web.servlet.DispatcherServlet        : Completed initialization in 0 ms
[2024-04-15 12:51:45:8435] INFO  10616 --- [nio-8989-exec-1] o.s.web.servlet.DispatcherServlet        : Initializing Servlet 'dispatcherServlet'
[2024-04-15 12:51:45:8435] INFO  10616 --- [nio-8989-exec-1] o.s.web.servlet.DispatcherServlet        : Completed initialization in 0 ms
[2024-04-15 13:07:49:7270] INFO  10876 --- [nio-8989-exec-1] o.s.web.servlet.DispatcherServlet        : Initializing Servlet 'dispatcherServlet'
[2024-04-15 13:07:49:7271] INFO  10876 --- [nio-8989-exec-1] o.s.web.servlet.DispatcherServlet        : Completed initialization in 0 ms
[2024-04-15 13:08:07:25273] WARN  10876 --- [nio-8989-exec-9] .w.s.m.s.DefaultHandlerExceptionResolver : Resolved [org.springframework.web.method.annotation.MethodArgumentTypeMismatchException: Failed to convert value of type 'java.lang.String' to required type 'int'; For input string: "vfdvdsg"]
[2024-04-15 13:15:17:10524] INFO  18048 --- [nio-8989-exec-1] o.s.web.servlet.DispatcherServlet        : Initializing Servlet 'dispatcherServlet'
[2024-04-15 13:15:17:10524] INFO  18048 --- [nio-8989-exec-1] o.s.web.servlet.DispatcherServlet        : Completed initialization in 0 ms
[2024-04-15 14:15:55:6376] INFO  14940 --- [nio-8989-exec-1] o.s.web.servlet.DispatcherServlet        : Initializing Servlet 'dispatcherServlet'
[2024-04-15 14:15:55:6377] INFO  14940 --- [nio-8989-exec-1] o.s.web.servlet.DispatcherServlet        : Completed initialization in 1 ms
[2024-04-15 14:16:08:19299] WARN  14940 --- [nio-8989-exec-8] .w.s.m.s.DefaultHandlerExceptionResolver : Resolved [org.springframework.web.method.annotation.MethodArgumentTypeMismatchException: Failed to convert value of type 'java.lang.String' to required type 'int'; For input string: "ㅁㄴㅇㄻㄴㄹ"]
[2024-04-15 14:18:02:5192] INFO  16312 --- [nio-8989-exec-1] o.s.web.servlet.DispatcherServlet        : Initializing Servlet 'dispatcherServlet'
[2024-04-15 14:18:02:5194] INFO  16312 --- [nio-8989-exec-1] o.s.web.servlet.DispatcherServlet        : Completed initialization in 0 ms
[2024-04-15 14:18:15:18450] WARN  16312 --- [nio-8989-exec-9] .w.s.m.s.DefaultHandlerExceptionResolver : Resolved [org.springframework.web.method.annotation.MethodArgumentTypeMismatchException: Failed to convert value of type 'java.lang.String' to required type 'int'; For input string: "ㅁㄹㄴ"]
[2024-04-15 14:21:40:224057] WARN  16312 --- [nio-8989-exec-9] .w.s.m.s.DefaultHandlerExceptionResolver : Resolved [org.springframework.web.method.annotation.MethodArgumentTypeMismatchException: Failed to convert value of type 'java.lang.String' to required type 'int'; For input string: ""]
[2024-04-15 14:56:00:6811] INFO  7316 --- [nio-8989-exec-1] o.s.web.servlet.DispatcherServlet        : Initializing Servlet 'dispatcherServlet'
[2024-04-15 14:56:00:6811] INFO  7316 --- [nio-8989-exec-1] o.s.web.servlet.DispatcherServlet        : Completed initialization in 0 ms
[2024-04-15 14:56:34:4571] INFO  17612 --- [nio-8989-exec-1] o.s.web.servlet.DispatcherServlet        : Initializing Servlet 'dispatcherServlet'
[2024-04-15 14:56:34:4572] INFO  17612 --- [nio-8989-exec-1] o.s.web.servlet.DispatcherServlet        : Completed initialization in 1 ms
[2024-04-15 14:59:01:3679] INFO  17936 --- [nio-8989-exec-2] o.s.web.servlet.DispatcherServlet        : Initializing Servlet 'dispatcherServlet'
[2024-04-15 14:59:01:3683] INFO  17936 --- [nio-8989-exec-2] o.s.web.servlet.DispatcherServlet        : Completed initialization in 1 ms
[2024-04-15 14:59:04:6585] WARN  17936 --- [nio-8989-exec-4] .w.s.m.s.DefaultHandlerExceptionResolver : Resolved [org.springframework.web.method.annotation.MethodArgumentTypeMismatchException: Failed to convert value of type 'java.lang.String' to required type 'int'; For input string: "gfda"]
[2024-04-15 15:09:27:6017] INFO  1940 --- [nio-8989-exec-4] o.s.web.servlet.DispatcherServlet        : Initializing Servlet 'dispatcherServlet'
[2024-04-15 15:09:27:6019] INFO  1940 --- [nio-8989-exec-4] o.s.web.servlet.DispatcherServlet        : Completed initialization in 2 ms
[2024-04-15 15:27:36:6727] INFO  14232 --- [nio-8989-exec-1] o.s.web.servlet.DispatcherServlet        : Initializing Servlet 'dispatcherServlet'
[2024-04-15 15:27:36:6729] INFO  14232 --- [nio-8989-exec-1] o.s.web.servlet.DispatcherServlet        : Completed initialization in 2 ms
[2024-04-15 15:29:18:4704] INFO  18964 --- [nio-8989-exec-1] o.s.web.servlet.DispatcherServlet        : Initializing Servlet 'dispatcherServlet'
[2024-04-15 15:29:18:4705] INFO  18964 --- [nio-8989-exec-1] o.s.web.servlet.DispatcherServlet        : Completed initialization in 1 ms
[2024-04-15 15:30:21:5091] INFO  18204 --- [nio-8989-exec-1] o.s.web.servlet.DispatcherServlet        : Initializing Servlet 'dispatcherServlet'
[2024-04-15 15:30:21:5092] INFO  18204 --- [nio-8989-exec-1] o.s.web.servlet.DispatcherServlet        : Completed initialization in 1 ms
[2024-04-15 15:31:00:11114] INFO  12556 --- [nio-8989-exec-1] o.s.web.servlet.DispatcherServlet        : Initializing Servlet 'dispatcherServlet'
[2024-04-15 15:31:00:11127] INFO  12556 --- [nio-8989-exec-1] o.s.web.servlet.DispatcherServlet        : Completed initialization in 13 ms
[2024-04-15 15:31:48:4689] INFO  16076 --- [nio-8989-exec-2] o.s.web.servlet.DispatcherServlet        : Initializing Servlet 'dispatcherServlet'
[2024-04-15 15:31:48:4691] INFO  16076 --- [nio-8989-exec-2] o.s.web.servlet.DispatcherServlet        : Completed initialization in 2 ms
[2024-04-15 15:40:50:8714] INFO  11308 --- [nio-8989-exec-1] o.s.web.servlet.DispatcherServlet        : Initializing Servlet 'dispatcherServlet'
[2024-04-15 15:40:50:8715] INFO  11308 --- [nio-8989-exec-1] o.s.web.servlet.DispatcherServlet        : Completed initialization in 1 ms
[2024-04-15 15:42:30:6923] INFO  13768 --- [nio-8989-exec-1] o.s.web.servlet.DispatcherServlet        : Initializing Servlet 'dispatcherServlet'
[2024-04-15 15:42:30:6925] INFO  13768 --- [nio-8989-exec-1] o.s.web.servlet.DispatcherServlet        : Completed initialization in 1 ms
[2024-04-15 15:49:39:11166] INFO  10340 --- [nio-8989-exec-1] o.s.web.servlet.DispatcherServlet        : Initializing Servlet 'dispatcherServlet'
[2024-04-15 15:49:39:11167] INFO  10340 --- [nio-8989-exec-1] o.s.web.servlet.DispatcherServlet        : Completed initialization in 1 ms
[2024-04-15 15:49:45:16631] WARN  10340 --- [nio-8989-exec-4] .w.s.m.s.DefaultHandlerExceptionResolver : Resolved [org.springframework.web.method.annotation.MethodArgumentTypeMismatchException: Failed to convert value of type 'java.lang.String' to required type 'int'; For input string: "${bp}"]
[2024-04-15 15:49:52:23725] WARN  10340 --- [nio-8989-exec-1] .w.s.m.s.DefaultHandlerExceptionResolver : Resolved [org.springframework.web.method.annotation.MethodArgumentTypeMismatchException: Failed to convert value of type 'java.lang.String' to required type 'int'; For input string: "${bp}"]
[2024-04-15 15:49:55:27291] WARN  10340 --- [nio-8989-exec-9] .w.s.m.s.DefaultHandlerExceptionResolver : Resolved [org.springframework.web.method.annotation.MethodArgumentTypeMismatchException: Failed to convert value of type 'java.lang.String' to required type 'int'; For input string: "${bp}"]
[2024-04-15 15:56:39:431051] WARN  10340 --- [io-8989-exec-10] .w.s.m.s.DefaultHandlerExceptionResolver : Resolved [org.springframework.web.method.annotation.MethodArgumentTypeMismatchException: Failed to convert value of type 'java.lang.String' to required type 'int'; For input string: "${bp}"]
[2024-04-15 15:57:30:481707] WARN  10340 --- [nio-8989-exec-1] .w.s.m.s.DefaultHandlerExceptionResolver : Resolved [org.springframework.web.method.annotation.MethodArgumentTypeMismatchException: Failed to convert value of type 'java.lang.String' to required type 'int'; For input string: "${bp}"]
[2024-04-15 15:57:35:486827] WARN  10340 --- [nio-8989-exec-5] .w.s.m.s.DefaultHandlerExceptionResolver : Resolved [org.springframework.web.method.annotation.MethodArgumentTypeMismatchException: Failed to convert value of type 'java.lang.String' to required type 'int'; For input string: "${bp}"]
[2024-04-15 15:57:38:489475] WARN  10340 --- [nio-8989-exec-7] .w.s.m.s.DefaultHandlerExceptionResolver : Resolved [org.springframework.web.method.annotation.MethodArgumentTypeMismatchException: Failed to convert value of type 'java.lang.String' to required type 'int'; For input string: "${bp}"]
[2024-04-15 15:57:42:493761] WARN  10340 --- [nio-8989-exec-4] .w.s.m.s.DefaultHandlerExceptionResolver : Resolved [org.springframework.web.method.annotation.MethodArgumentTypeMismatchException: Failed to convert value of type 'java.lang.String' to required type 'int'; For input string: "${bp}"]
[2024-04-15 15:58:18:529543] WARN  10340 --- [io-8989-exec-10] .w.s.m.s.DefaultHandlerExceptionResolver : Resolved [org.springframework.web.method.annotation.MethodArgumentTypeMismatchException: Failed to convert value of type 'java.lang.String' to required type 'int'; For input string: "${bp}"]
[2024-04-15 16:09:54:2919] INFO  15584 --- [nio-8989-exec-1] o.s.web.servlet.DispatcherServlet        : Initializing Servlet 'dispatcherServlet'
[2024-04-15 16:09:54:2925] INFO  15584 --- [nio-8989-exec-1] o.s.web.servlet.DispatcherServlet        : Completed initialization in 5 ms
[2024-04-15 16:10:00:9594] WARN  15584 --- [nio-8989-exec-7] .w.s.m.s.DefaultHandlerExceptionResolver : Resolved [org.springframework.web.HttpRequestMethodNotSupportedException: Request method 'POST' is not supported]
[2024-04-15 16:10:58:5932] INFO  9236 --- [nio-8989-exec-2] o.s.web.servlet.DispatcherServlet        : Initializing Servlet 'dispatcherServlet'
[2024-04-15 16:10:58:5933] INFO  9236 --- [nio-8989-exec-2] o.s.web.servlet.DispatcherServlet        : Completed initialization in 1 ms
[2024-04-15 16:11:02:9423] WARN  9236 --- [nio-8989-exec-9] .w.s.m.s.DefaultHandlerExceptionResolver : Resolved [org.springframework.web.HttpRequestMethodNotSupportedException: Request method 'POST' is not supported]
[2024-04-15 16:11:26:4389] INFO  3232 --- [nio-8989-exec-2] o.s.web.servlet.DispatcherServlet        : Initializing Servlet 'dispatcherServlet'
[2024-04-15 16:11:26:4390] INFO  3232 --- [nio-8989-exec-2] o.s.web.servlet.DispatcherServlet        : Completed initialization in 1 ms
[2024-04-15 16:11:31:8885] WARN  3232 --- [nio-8989-exec-2] .w.s.m.s.DefaultHandlerExceptionResolver : Resolved [org.springframework.web.HttpRequestMethodNotSupportedException: Request method 'POST' is not supported]
[2024-04-15 16:21:11:589453] WARN  3232 --- [nio-8989-exec-8] .w.s.m.s.DefaultHandlerExceptionResolver : Resolved [org.springframework.web.bind.MissingServletRequestParameterException: Required request parameter 'bp' for method parameter type int is not present]
[2024-04-15 16:22:20:6633] INFO  18504 --- [nio-8989-exec-1] o.s.web.servlet.DispatcherServlet        : Initializing Servlet 'dispatcherServlet'
[2024-04-15 16:22:20:6634] INFO  18504 --- [nio-8989-exec-1] o.s.web.servlet.DispatcherServlet        : Completed initialization in 1 ms
[2024-04-15 16:22:24:10549] WARN  18504 --- [nio-8989-exec-5] .w.s.m.s.DefaultHandlerExceptionResolver : Resolved [org.springframework.web.HttpRequestMethodNotSupportedException: Request method 'POST' is not supported]
[2024-04-15 16:23:07:6602] INFO  6648 --- [nio-8989-exec-1] o.s.web.servlet.DispatcherServlet        : Initializing Servlet 'dispatcherServlet'
[2024-04-15 16:23:07:6603] INFO  6648 --- [nio-8989-exec-1] o.s.web.servlet.DispatcherServlet        : Completed initialization in 0 ms
[2024-04-15 16:43:19:5609] INFO  4284 --- [nio-8989-exec-1] o.s.web.servlet.DispatcherServlet        : Initializing Servlet 'dispatcherServlet'
[2024-04-15 16:43:19:5610] INFO  4284 --- [nio-8989-exec-1] o.s.web.servlet.DispatcherServlet        : Completed initialization in 1 ms
[2024-04-15 16:45:57:4636] INFO  5024 --- [nio-8989-exec-2] o.s.web.servlet.DispatcherServlet        : Initializing Servlet 'dispatcherServlet'
[2024-04-15 16:45:57:4637] INFO  5024 --- [nio-8989-exec-2] o.s.web.servlet.DispatcherServlet        : Completed initialization in 0 ms
[2024-04-15 17:07:17:6706] INFO  15404 --- [nio-8989-exec-1] o.s.web.servlet.DispatcherServlet        : Initializing Servlet 'dispatcherServlet'
[2024-04-15 17:07:17:6707] INFO  15404 --- [nio-8989-exec-1] o.s.web.servlet.DispatcherServlet        : Completed initialization in 1 ms
[2024-04-15 19:07:32:7427] INFO  18408 --- [nio-8989-exec-1] o.s.web.servlet.DispatcherServlet        : Initializing Servlet 'dispatcherServlet'
[2024-04-15 19:07:32:7428] INFO  18408 --- [nio-8989-exec-1] o.s.web.servlet.DispatcherServlet        : Completed initialization in 1 ms
[2024-04-15 19:12:58:22142] INFO  16740 --- [nio-8989-exec-1] o.s.web.servlet.DispatcherServlet        : Initializing Servlet 'dispatcherServlet'
[2024-04-15 19:12:58:22143] INFO  16740 --- [nio-8989-exec-1] o.s.web.servlet.DispatcherServlet        : Completed initialization in 0 ms
[2024-04-15 19:21:03:5269] INFO  18192 --- [nio-8989-exec-2] o.s.web.servlet.DispatcherServlet        : Initializing Servlet 'dispatcherServlet'
[2024-04-15 19:21:03:5270] INFO  18192 --- [nio-8989-exec-2] o.s.web.servlet.DispatcherServlet        : Completed initialization in 1 ms
[2024-04-15 19:44:56:19888] INFO  12872 --- [nio-8989-exec-1] o.s.web.servlet.DispatcherServlet        : Initializing Servlet 'dispatcherServlet'
[2024-04-15 19:44:56:19889] INFO  12872 --- [nio-8989-exec-1] o.s.web.servlet.DispatcherServlet        : Completed initialization in 1 ms
[2024-04-15 19:46:40:5266] INFO  14216 --- [nio-8989-exec-1] o.s.web.servlet.DispatcherServlet        : Initializing Servlet 'dispatcherServlet'
[2024-04-15 19:46:40:5267] INFO  14216 --- [nio-8989-exec-1] o.s.web.servlet.DispatcherServlet        : Completed initialization in 1 ms
[2024-04-15 19:47:59:9399] INFO  20796 --- [nio-8989-exec-1] o.s.web.servlet.DispatcherServlet        : Initializing Servlet 'dispatcherServlet'
[2024-04-15 19:47:59:9400] INFO  20796 --- [nio-8989-exec-1] o.s.web.servlet.DispatcherServlet        : Completed initialization in 1 ms
[2024-04-15 19:50:05:7425] INFO  12824 --- [nio-8989-exec-1] o.s.web.servlet.DispatcherServlet        : Initializing Servlet 'dispatcherServlet'
[2024-04-15 19:50:05:7426] INFO  12824 --- [nio-8989-exec-1] o.s.web.servlet.DispatcherServlet        : Completed initialization in 1 ms
[2024-04-15 19:51:32:6212] INFO  15980 --- [nio-8989-exec-2] o.s.web.servlet.DispatcherServlet        : Initializing Servlet 'dispatcherServlet'
[2024-04-15 19:51:32:6214] INFO  15980 --- [nio-8989-exec-2] o.s.web.servlet.DispatcherServlet        : Completed initialization in 0 ms
[2024-04-15 19:52:38:4809] INFO  18656 --- [nio-8989-exec-1] o.s.web.servlet.DispatcherServlet        : Initializing Servlet 'dispatcherServlet'
[2024-04-15 19:52:38:4809] INFO  18656 --- [nio-8989-exec-1] o.s.web.servlet.DispatcherServlet        : Completed initialization in 0 ms
[2024-04-15 20:09:14:9600] INFO  19828 --- [nio-8989-exec-1] o.s.web.servlet.DispatcherServlet        : Initializing Servlet 'dispatcherServlet'
[2024-04-15 20:09:14:9602] INFO  19828 --- [nio-8989-exec-1] o.s.web.servlet.DispatcherServlet        : Completed initialization in 0 ms
[2024-04-15 20:11:05:5658] INFO  14252 --- [nio-8989-exec-1] o.s.web.servlet.DispatcherServlet        : Initializing Servlet 'dispatcherServlet'
[2024-04-15 20:11:05:5659] INFO  14252 --- [nio-8989-exec-1] o.s.web.servlet.DispatcherServlet        : Completed initialization in 0 ms
[2024-04-15 20:16:08:5667] INFO  17864 --- [nio-8989-exec-2] o.s.web.servlet.DispatcherServlet        : Initializing Servlet 'dispatcherServlet'
[2024-04-15 20:16:08:5667] INFO  17864 --- [nio-8989-exec-2] o.s.web.servlet.DispatcherServlet        : Completed initialization in 0 ms
